<?xml version="1.0" encoding="UTF-8"?>
<coverage generated="1600528135828" clover="3.2.0">
  <project timestamp="1600528135828" name="All files">
    <metrics statements="28" coveredstatements="23" conditionals="6" coveredconditionals="3" methods="8" coveredmethods="6" elements="42" coveredelements="32" complexity="0" loc="28" ncloc="28" packages="3" files="3" classes="3"/>
    <package name="store">
      <metrics statements="2" coveredstatements="2" conditionals="0" coveredconditionals="0" methods="0" coveredmethods="0"/>
      <file name="types.js" path="/Users/milakirillova/Aleksandra/RocketsTestApp/src/store/types.js">
        <metrics statements="2" coveredstatements="2" conditionals="0" coveredconditionals="0" methods="0" coveredmethods="0"/>
        <line num="1" count="1" type="stmt"/>
        <line num="2" count="1" type="stmt"/>
      </file>
    </package>
    <package name="store.action">
      <metrics statements="8" coveredstatements="4" conditionals="1" coveredconditionals="0" methods="3" coveredmethods="1"/>
      <file name="rocketsAction.js" path="/Users/milakirillova/Aleksandra/RocketsTestApp/src/store/action/rocketsAction.js">
        <metrics statements="8" coveredstatements="4" conditionals="1" coveredconditionals="0" methods="3" coveredmethods="1"/>
        <line num="3" count="1" type="stmt"/>
        <line num="5" count="1" type="stmt"/>
        <line num="9" count="0" type="stmt"/>
        <line num="10" count="0" type="stmt"/>
        <line num="11" count="0" type="stmt"/>
        <line num="12" count="0" type="stmt"/>
        <line num="16" count="1" type="stmt"/>
        <line num="21" count="1" type="stmt"/>
      </file>
    </package>
    <package name="store.reducers">
      <metrics statements="18" coveredstatements="17" conditionals="5" coveredconditionals="3" methods="5" coveredmethods="5"/>
      <file name="rocketsReducer.js" path="/Users/milakirillova/Aleksandra/RocketsTestApp/src/store/reducers/rocketsReducer.js">
        <metrics statements="18" coveredstatements="17" conditionals="5" coveredconditionals="3" methods="5" coveredmethods="5"/>
        <line num="3" count="1" type="stmt"/>
        <line num="5" count="1" type="stmt"/>
        <line num="10" count="1" type="cond" truecount="1" falsecount="0"/>
        <line num="11" count="2" type="stmt"/>
        <line num="12" count="2" type="cond" truecount="2" falsecount="1"/>
        <line num="13" count="1" type="stmt"/>
        <line num="18" count="0" type="stmt"/>
        <line num="24" count="1" type="stmt"/>
        <line num="28" count="1" type="stmt"/>
        <line num="29" count="1" type="stmt"/>
        <line num="30" count="1" type="stmt"/>
        <line num="31" count="1" type="stmt"/>
        <line num="36" count="1" type="stmt"/>
        <line num="40" count="1" type="stmt"/>
        <line num="41" count="1" type="cond" truecount="0" falsecount="1"/>
        <line num="42" count="1" type="stmt"/>
        <line num="47" count="1" type="stmt"/>
        <line num="52" count="1" type="stmt"/>
      </file>
    </package>
  </project>
</coverage>
