{"/Users/milakirillova/Aleksandra/RocketsTestApp/src/store/types.js": {"path":"/Users/milakirillova/Aleksandra/RocketsTestApp/src/store/types.js","statementMap":{"0":{"start":{"line":1,"column":27},"end":{"line":1,"column":40}},"1":{"start":{"line":2,"column":33},"end":{"line":2,"column":52}}},"fnMap":{},"branchMap":{},"s":{"0":1,"1":1},"f":{},"b":{},"_coverageSchema":"1a1c01bbd47fc00a2c39e90264f33305004495a9","hash":"a78b1300418ad39972b2fb50b181acfd12710943"}
,"/Users/milakirillova/Aleksandra/RocketsTestApp/src/store/action/rocketsAction.js": {"path":"/Users/milakirillova/Aleksandra/RocketsTestApp/src/store/action/rocketsAction.js","statementMap":{"0":{"start":{"line":3,"column":26},"end":{"line":14,"column":1}},"1":{"start":{"line":5,"column":18},"end":{"line":8,"column":10}},"2":{"start":{"line":9,"column":8},"end":{"line":9,"column":31}},"3":{"start":{"line":10,"column":8},"end":{"line":10,"column":23}},"4":{"start":{"line":11,"column":8},"end":{"line":11,"column":35}},"5":{"start":{"line":12,"column":8},"end":{"line":12,"column":19}},"6":{"start":{"line":16,"column":26},"end":{"line":19,"column":2}},"7":{"start":{"line":16,"column":43},"end":{"line":19,"column":1}},"8":{"start":{"line":21,"column":31},"end":{"line":24,"column":2}},"9":{"start":{"line":21,"column":48},"end":{"line":24,"column":1}}},"fnMap":{"0":{"name":"(anonymous_0)","decl":{"start":{"line":4,"column":4},"end":{"line":4,"column":5}},"loc":{"start":{"line":4,"column":34},"end":{"line":13,"column":5}},"line":4},"1":{"name":"(anonymous_1)","decl":{"start":{"line":16,"column":26},"end":{"line":16,"column":27}},"loc":{"start":{"line":16,"column":43},"end":{"line":19,"column":1}},"line":16},"2":{"name":"(anonymous_2)","decl":{"start":{"line":21,"column":31},"end":{"line":21,"column":32}},"loc":{"start":{"line":21,"column":48},"end":{"line":24,"column":1}},"line":21}},"branchMap":{"0":{"loc":{"start":{"line":4,"column":24},"end":{"line":4,"column":32}},"type":"default-arg","locations":[{"start":{"line":4,"column":31},"end":{"line":4,"column":32}}],"line":4}},"s":{"0":1,"1":1,"2":0,"3":0,"4":0,"5":0,"6":1,"7":0,"8":1,"9":0},"f":{"0":1,"1":0,"2":0},"b":{"0":[0]},"_coverageSchema":"1a1c01bbd47fc00a2c39e90264f33305004495a9","hash":"4253ebe7250424fbaec8b927dfcff51117302b34"}
,"/Users/milakirillova/Aleksandra/RocketsTestApp/src/store/reducers/rocketsReducer.js": {"path":"/Users/milakirillova/Aleksandra/RocketsTestApp/src/store/reducers/rocketsReducer.js","statementMap":{"0":{"start":{"line":3,"column":20},"end":{"line":3,"column":33}},"1":{"start":{"line":5,"column":21},"end":{"line":8,"column":1}},"2":{"start":{"line":10,"column":30},"end":{"line":26,"column":1}},"3":{"start":{"line":11,"column":4},"end":{"line":11,"column":37}},"4":{"start":{"line":12,"column":4},"end":{"line":25,"column":5}},"5":{"start":{"line":13,"column":26},"end":{"line":17,"column":10}},"6":{"start":{"line":18,"column":32},"end":{"line":21,"column":10}},"7":{"start":{"line":24,"column":12},"end":{"line":24,"column":25}},"8":{"start":{"line":28,"column":0},"end":{"line":38,"column":3}},"9":{"start":{"line":29,"column":4},"end":{"line":37,"column":7}},"10":{"start":{"line":30,"column":23},"end":{"line":30,"column":46}},"11":{"start":{"line":31,"column":29},"end":{"line":34,"column":9}},"12":{"start":{"line":36,"column":8},"end":{"line":36,"column":72}},"13":{"start":{"line":40,"column":0},"end":{"line":54,"column":3}},"14":{"start":{"line":41,"column":4},"end":{"line":53,"column":7}},"15":{"start":{"line":42,"column":23},"end":{"line":46,"column":9}},"16":{"start":{"line":47,"column":30},"end":{"line":50,"column":9}},"17":{"start":{"line":52,"column":8},"end":{"line":52,"column":76}}},"fnMap":{"0":{"name":"(anonymous_0)","decl":{"start":{"line":10,"column":30},"end":{"line":10,"column":31}},"loc":{"start":{"line":10,"column":64},"end":{"line":26,"column":1}},"line":10},"1":{"name":"(anonymous_1)","decl":{"start":{"line":28,"column":26},"end":{"line":28,"column":27}},"loc":{"start":{"line":28,"column":32},"end":{"line":38,"column":1}},"line":28},"2":{"name":"(anonymous_2)","decl":{"start":{"line":29,"column":44},"end":{"line":29,"column":45}},"loc":{"start":{"line":29,"column":50},"end":{"line":37,"column":5}},"line":29},"3":{"name":"(anonymous_3)","decl":{"start":{"line":40,"column":24},"end":{"line":40,"column":25}},"loc":{"start":{"line":40,"column":30},"end":{"line":54,"column":1}},"line":40},"4":{"name":"(anonymous_4)","decl":{"start":{"line":41,"column":38},"end":{"line":41,"column":39}},"loc":{"start":{"line":41,"column":50},"end":{"line":53,"column":5}},"line":41}},"branchMap":{"0":{"loc":{"start":{"line":10,"column":31},"end":{"line":10,"column":51}},"type":"default-arg","locations":[{"start":{"line":10,"column":39},"end":{"line":10,"column":51}}],"line":10},"1":{"loc":{"start":{"line":12,"column":4},"end":{"line":25,"column":5}},"type":"switch","locations":[{"start":{"line":13,"column":8},"end":{"line":17,"column":10}},{"start":{"line":18,"column":8},"end":{"line":21,"column":10}},{"start":{"line":23,"column":8},"end":{"line":24,"column":25}}],"line":12},"2":{"loc":{"start":{"line":41,"column":39},"end":{"line":41,"column":45}},"type":"default-arg","locations":[{"start":{"line":41,"column":44},"end":{"line":41,"column":45}}],"line":41}},"s":{"0":1,"1":1,"2":1,"3":2,"4":2,"5":1,"6":0,"7":1,"8":1,"9":1,"10":1,"11":1,"12":1,"13":1,"14":1,"15":1,"16":1,"17":1},"f":{"0":2,"1":1,"2":1,"3":1,"4":1},"b":{"0":[1],"1":[1,0,1],"2":[0]},"_coverageSchema":"1a1c01bbd47fc00a2c39e90264f33305004495a9","hash":"763963a7595bd070b22cb536a287c2bb35b999d1"}
}
