TN:
SF:src/store/types.js
FNF:0
FNH:0
DA:1,1
DA:2,1
LF:2
LH:2
BRF:0
BRH:0
end_of_record
TN:
SF:src/store/action/rocketsAction.js
FN:4,(anonymous_0)
FN:16,(anonymous_1)
FN:21,(anonymous_2)
FNF:3
FNH:1
FNDA:1,(anonymous_0)
FNDA:0,(anonymous_1)
FNDA:0,(anonymous_2)
DA:3,1
DA:5,1
DA:9,0
DA:10,0
DA:11,0
DA:12,0
DA:16,1
DA:21,1
LF:8
LH:4
BRDA:4,0,0,0
BRF:1
BRH:0
end_of_record
TN:
SF:src/store/reducers/rocketsReducer.js
FN:10,(anonymous_0)
FN:28,(anonymous_1)
FN:29,(anonymous_2)
FN:40,(anonymous_3)
FN:41,(anonymous_4)
FNF:5
FNH:5
FNDA:2,(anonymous_0)
FNDA:1,(anonymous_1)
FNDA:1,(anonymous_2)
FNDA:1,(anonymous_3)
FNDA:1,(anonymous_4)
DA:3,1
DA:5,1
DA:10,1
DA:11,2
DA:12,2
DA:13,1
DA:18,0
DA:24,1
DA:28,1
DA:29,1
DA:30,1
DA:31,1
DA:36,1
DA:40,1
DA:41,1
DA:42,1
DA:47,1
DA:52,1
LF:18
LH:17
BRDA:10,0,0,1
BRDA:12,1,0,1
BRDA:12,1,1,0
BRDA:12,1,2,1
BRDA:41,2,0,0
BRF:5
BRH:3
end_of_record
